build/outputs/logs/manifest-merger-debug-report.txt
-- Merging decision tree log ---
manifest
ADDED from Joke/JokeJi/AndroidManifest.xml:2:1-42:12
	package
		ADDED from Joke/JokeJi/AndroidManifest.xml:3:5-31
	android:versionName
		ADDED from Joke/JokeJi/AndroidManifest.xml:5:5-30
		INJECTED from Joke/JokeJi/AndroidManifest.xml
		INJECTED from Joke/JokeJi/AndroidManifest.xml
	android:versionCode
		ADDED from Joke/JokeJi/AndroidManifest.xml:4:5-28
		INJECTED from Joke/JokeJi/AndroidManifest.xml
		INJECTED from Joke/JokeJi/AndroidManifest.xml
	xmlns:android
		ADDED from Joke/JokeJi/AndroidManifest.xml:2:11-69
uses-sdk
ADDED from Joke/JokeJi/AndroidManifest.xml:7:5-9:41
MERGED from [com.android.support:appcompat-v7:22.2.1] AndroidManifest.xml:20:5-43
MERGED from [com.yalantis:phoenix:1.2.3] AndroidManifest.xml:8:5-10:41
MERGED from [com.android.support:support-v4:23.1.1] AndroidManifest.xml:20:5-43
MERGED from [io.reactivex:rxandroid:1.1.0] AndroidManifest.xml:19:5-43
	android:targetSdkVersion
		ADDED from Joke/JokeJi/AndroidManifest.xml:9:9-38
		INJECTED from Joke/JokeJi/AndroidManifest.xml
		INJECTED from Joke/JokeJi/AndroidManifest.xml
	android:minSdkVersion
		ADDED from Joke/JokeJi/AndroidManifest.xml:8:9-34
		INJECTED from Joke/JokeJi/AndroidManifest.xml
		INJECTED from Joke/JokeJi/AndroidManifest.xml
uses-permission#android.permission.INTERNET
ADDED from Joke/JokeJi/AndroidManifest.xml:11:5-67
	android:name
		ADDED from Joke/JokeJi/AndroidManifest.xml:11:22-64
android:uses-permission#android.permission.WRITE_EXTERNAL_STORAGE
ADDED from Joke/JokeJi/AndroidManifest.xml:13:5-89
	android:name
		ADDED from Joke/JokeJi/AndroidManifest.xml:13:30-86
android:uses-permission#android.permission.READ_PHONE_STATE
ADDED from Joke/JokeJi/AndroidManifest.xml:14:5-83
	android:name
		ADDED from Joke/JokeJi/AndroidManifest.xml:14:30-80
android:uses-permission#android.permission.READ_EXTERNAL_STORAGE
ADDED from Joke/JokeJi/AndroidManifest.xml:15:5-88
	android:name
		ADDED from Joke/JokeJi/AndroidManifest.xml:15:30-85
application
ADDED from Joke/JokeJi/AndroidManifest.xml:17:5-40:19
MERGED from [com.android.support:appcompat-v7:22.2.1] AndroidManifest.xml:22:5-20
MERGED from [com.android.support:support-v4:23.1.1] AndroidManifest.xml:22:5-20
	android:label
		ADDED from Joke/JokeJi/AndroidManifest.xml:21:9-41
	android:allowBackup
		ADDED from Joke/JokeJi/AndroidManifest.xml:19:9-35
	android:icon
		ADDED from Joke/JokeJi/AndroidManifest.xml:20:9-38
	android:theme
		ADDED from Joke/JokeJi/AndroidManifest.xml:22:9-52
	android:name
		ADDED from Joke/JokeJi/AndroidManifest.xml:18:9-40
activity#com.kevin.jokeji.MainActivity
ADDED from Joke/JokeJi/AndroidManifest.xml:23:9-32:20
	android:label
		ADDED from Joke/JokeJi/AndroidManifest.xml:25:13-45
	android:theme
		ADDED from Joke/JokeJi/AndroidManifest.xml:26:13-56
	android:name
		ADDED from Joke/JokeJi/AndroidManifest.xml:24:13-41
intent-filter#android.intent.action.MAIN+android.intent.category.LAUNCHER
ADDED from Joke/JokeJi/AndroidManifest.xml:27:13-31:29
action#android.intent.action.MAIN
ADDED from Joke/JokeJi/AndroidManifest.xml:28:17-69
	android:name
		ADDED from Joke/JokeJi/AndroidManifest.xml:28:25-66
category#android.intent.category.LAUNCHER
ADDED from Joke/JokeJi/AndroidManifest.xml:30:17-77
	android:name
		ADDED from Joke/JokeJi/AndroidManifest.xml:30:27-74
activity#com.kevin.jokeji.JokeDetailActivity
ADDED from Joke/JokeJi/AndroidManifest.xml:33:9-35:57
	android:label
		ADDED from Joke/JokeJi/AndroidManifest.xml:35:13-45
	android:name
		ADDED from Joke/JokeJi/AndroidManifest.xml:34:13-47
activity#com.kevin.jokeji.JokeListActivity
ADDED from Joke/JokeJi/AndroidManifest.xml:36:9-38:57
	android:label
		ADDED from Joke/JokeJi/AndroidManifest.xml:38:13-45
	android:name
		ADDED from Joke/JokeJi/AndroidManifest.xml:37:13-45
activity#com.kevin.jokeji.features.saying.SayingDetailActivity
ADDED from Joke/JokeJi/AndroidManifest.xml:39:9-83
	android:name
		ADDED from Joke/JokeJi/AndroidManifest.xml:39:19-71